2025-08-23 20:59:44 - [INFO] - utilitarios.py:294 - ==================================================
2025-08-23 20:59:44 - [INFO] - utilitarios.py:295 - Logging configurado. Arquivo de log em: C:\Users\rapha\OneDrive\Python\Tabela-de-dobra\logs\app.log
2025-08-23 20:59:44 - [INFO] - app.py:439 - Iniciando a aplicação v2.4.0...
2025-08-23 20:59:44 - [INFO] - banco_dados.py:118 - Inicializando o banco de dados e criando tabelas.
2025-08-23 20:59:44 - [INFO] - banco_dados.py:150 - Índices de otimização criados/verificados com sucesso
2025-08-23 20:59:44 - [INFO] - update_manager.py:72 - Atualizando a versão no DB de 2.3.1 para 2.4.0
2025-08-23 20:59:44 - [INFO] - app.py:110 - Carregando configurações de C:\Users\rapha\Documents\Calculadora de Dobra\config.json
2025-08-23 20:59:44 - [WARNING] - app.py:114 - Arquivo de configuração não encontrado. Usando configuração padrão.
2025-08-23 20:59:44 - [INFO] - estilo.py:127 - Tema inicial 'dark' aplicado com correções de CSS.
2025-08-23 20:59:44 - [INFO] - app.py:189 - Configurando a janela principal.
2025-08-23 20:59:44 - [INFO] - app.py:223 - Configuração da janela principal concluída.
2025-08-23 20:59:44 - [INFO] - app.py:360 - Configurando os frames da UI.
2025-08-23 20:59:44 - [INFO] - interface_manager.py:92 - Iniciando carregamento da interface: EXP_V=False, EXP_H=False
2025-08-23 20:59:44 - [INFO] - interface_manager.py:125 - Primeira execução - não há widgets para capturar
2025-08-23 20:59:44 - [INFO] - interface_manager.py:128 - Limpando layout anterior...
2025-08-23 20:59:44 - [INFO] - interface_manager.py:131 - Limpando referências globais...
2025-08-23 20:59:44 - [INFO] - interface_manager.py:139 - Criando novos widgets...
2025-08-23 20:59:44 - [INFO] - interface_manager.py:163 - Configurando layout...
2025-08-23 20:59:44 - [INFO] - interface_manager.py:179 - Executando todas as funções de preenchimento...
2025-08-23 20:59:44 - [INFO] - interface_manager.py:189 - Restaurando estado dos widgets...
2025-08-23 20:59:44 - [INFO] - interface_manager.py:193 - Recalculando valores finais...
2025-08-23 20:59:44 - [INFO] - interface_manager.py:196 - Interface carregada com sucesso!
2025-08-23 20:59:44 - [INFO] - app.py:386 - Configuração dos frames concluída.
2025-08-23 20:59:44 - [INFO] - session_manager.py:41 - Registrando nova sessão: ID 203b4ece-fefc-4e9e-9f45-90e502d2e11b para host DESKTOP-JCBHHL5
2025-08-23 20:59:44 - [INFO] - app.py:93 - Verificando se existe um administrador.
2025-08-23 20:59:44 - [INFO] - app.py:105 - Administrador encontrado.
2025-08-23 20:59:49 - [INFO] - app.py:431 - Sistema de notificações de atualização ativado.
2025-08-23 20:59:49 - [INFO] - app.py:472 - Aplicativo iniciado com otimizações ativas. Entrando no loop de eventos.
2025-08-23 21:00:09 - [INFO] - app.py:141 - Salvando estado final do aplicativo.
2025-08-23 21:00:09 - [INFO] - app.py:110 - Carregando configurações de C:\Users\rapha\Documents\Calculadora de Dobra\config.json
2025-08-23 21:00:09 - [WARNING] - app.py:114 - Arquivo de configuração não encontrado. Usando configuração padrão.
2025-08-23 21:00:09 - [INFO] - app.py:123 - Salvando configurações em C:\Users\rapha\Documents\Calculadora de Dobra\config.json
2025-08-23 21:00:09 - [INFO] - app.py:157 - Estado final salvo com geometria: +460+79
2025-08-23 21:00:09 - [INFO] - session_manager.py:57 - Removendo sessão: ID 203b4ece-fefc-4e9e-9f45-90e502d2e11b
2025-08-23 21:00:09 - [INFO] - app.py:491 - Aplicação finalizada.
